Pipeline started.

Start: xsh_scired_slit_nod
	SOF-file /Users/palmerio/Code_projects/xsh-quickred/VIS/Output/xsh_scired_slit_nod_VIS.sof created.
	Executing: esorex --suppress-prefix=FALSE  xsh_scired_slit_nod   /Users/palmerio/Code_projects/xsh-quickred/VIS/Output/xsh_scired_slit_nod_VIS.sof
	Esorex completed.

	Renaming Outputfiles:
	out_0000.fits -> /Users/palmerio/Code_projects/xsh-quickred/VIS/Output/xsh_scired_slit_nod_SCI_SLIT_ORDER2D_VIS_VIS_1x2_100k.fits
	File /Users/palmerio/Code_projects/xsh-quickred/VIS/Output/xsh_scired_slit_nod_SCI_SLIT_ORDER2D_VIS_VIS_1x2_100k.fits with tag SCI_SLIT_ORDER2D_VIS added.
	out_0001.fits -> /Users/palmerio/Code_projects/xsh-quickred/VIS/Output/xsh_scired_slit_nod_SCI_SLIT_ORDER1D_VIS_VIS_1x2_100k.fits
	File /Users/palmerio/Code_projects/xsh-quickred/VIS/Output/xsh_scired_slit_nod_SCI_SLIT_ORDER1D_VIS_VIS_1x2_100k.fits with tag SCI_SLIT_ORDER1D_VIS added.
	out_0002.fits -> /Users/palmerio/Code_projects/xsh-quickred/VIS/Output/xsh_scired_slit_nod_SCI_SLIT_MERGE2D_VIS_VIS_1x2_100k.fits
	File /Users/palmerio/Code_projects/xsh-quickred/VIS/Output/xsh_scired_slit_nod_SCI_SLIT_MERGE2D_VIS_VIS_1x2_100k.fits with tag SCI_SLIT_MERGE2D_VIS added.
	out_0003.fits -> /Users/palmerio/Code_projects/xsh-quickred/VIS/Output/xsh_scired_slit_nod_SCI_SLIT_MERGE1D_VIS_VIS_1x2_100k.fits
	File /Users/palmerio/Code_projects/xsh-quickred/VIS/Output/xsh_scired_slit_nod_SCI_SLIT_MERGE1D_VIS_VIS_1x2_100k.fits with tag SCI_SLIT_MERGE1D_VIS added.
	out_0004.fits -> /Users/palmerio/Code_projects/xsh-quickred/VIS/Output/xsh_scired_slit_nod_SCI_SLIT_WAVE_MAP_VIS_VIS_1x2_100k.fits
	File /Users/palmerio/Code_projects/xsh-quickred/VIS/Output/xsh_scired_slit_nod_SCI_SLIT_WAVE_MAP_VIS_VIS_1x2_100k.fits with tag SCI_SLIT_WAVE_MAP_VIS added.
	out_0005.fits -> /Users/palmerio/Code_projects/xsh-quickred/VIS/Output/xsh_scired_slit_nod_SCI_SLIT_SLIT_MAP_VIS_VIS_1x2_100k.fits
	File /Users/palmerio/Code_projects/xsh-quickred/VIS/Output/xsh_scired_slit_nod_SCI_SLIT_SLIT_MAP_VIS_VIS_1x2_100k.fits with tag SCI_SLIT_SLIT_MAP_VIS added.
	out_0006.fits -> /Users/palmerio/Code_projects/xsh-quickred/VIS/Output/xsh_scired_slit_nod_SCI_SLIT_FLUX_ORDER2D_VIS_VIS_1x2_100k.fits
	File /Users/palmerio/Code_projects/xsh-quickred/VIS/Output/xsh_scired_slit_nod_SCI_SLIT_FLUX_ORDER2D_VIS_VIS_1x2_100k.fits with tag SCI_SLIT_FLUX_ORDER2D_VIS added.
	out_0007.fits -> /Users/palmerio/Code_projects/xsh-quickred/VIS/Output/xsh_scired_slit_nod_SCI_SLIT_FLUX_ORDER1D_VIS_VIS_1x2_100k.fits
	File /Users/palmerio/Code_projects/xsh-quickred/VIS/Output/xsh_scired_slit_nod_SCI_SLIT_FLUX_ORDER1D_VIS_VIS_1x2_100k.fits with tag SCI_SLIT_FLUX_ORDER1D_VIS added.
	out_0008.fits -> /Users/palmerio/Code_projects/xsh-quickred/VIS/Output/xsh_scired_slit_nod_SCI_SLIT_FLUX_MERGE2D_VIS_VIS_1x2_100k.fits
	File /Users/palmerio/Code_projects/xsh-quickred/VIS/Output/xsh_scired_slit_nod_SCI_SLIT_FLUX_MERGE2D_VIS_VIS_1x2_100k.fits with tag SCI_SLIT_FLUX_MERGE2D_VIS added.
	out_0009.fits -> /Users/palmerio/Code_projects/xsh-quickred/VIS/Output/xsh_scired_slit_nod_SCI_SLIT_FLUX_MERGE1D_VIS_VIS_1x2_100k.fits
	File /Users/palmerio/Code_projects/xsh-quickred/VIS/Output/xsh_scired_slit_nod_SCI_SLIT_FLUX_MERGE1D_VIS_VIS_1x2_100k.fits with tag SCI_SLIT_FLUX_MERGE1D_VIS added.

	Esorex-log saved: /Users/palmerio/Code_projects/xsh-quickred/VIS/Output/esorex_xsh_scired_slit_nod_VIS.log
	Restartfile saved: /Users/palmerio/Code_projects/xsh-quickred/VIS/Output/xsh_scired_slit_nod_VIS.restart
End: xsh_scired_slit_nod

Pipeline finished.
